info it worked if it ends with ok
verbose cli [ 'node', '/usr/local/bin/npm', 'install', 'priorityqueue' ]
info using npm@1.1.1
info using node@v0.6.11
verbose config file /Users/henrikakselsen/.npmrc
verbose config file /usr/local/etc/npmrc
verbose config file /usr/local/lib/node_modules/npm/npmrc
verbose caching /Users/henrikakselsen/Documents/kode/instascreen/node/node_modules/express/package.json
verbose loadDefaults express@2.5.8
verbose caching /Users/henrikakselsen/Documents/kode/instascreen/node/node_modules/forever/package.json
verbose loadDefaults forever@0.8.5
verbose caching /Users/henrikakselsen/Documents/kode/instascreen/node/node_modules/formidable/package.json
verbose loadDefaults formidable@1.0.9
verbose caching /Users/henrikakselsen/Documents/kode/instascreen/node/node_modules/mailparser/package.json
verbose loadDefaults mailparser@0.2.22
verbose caching /Users/henrikakselsen/Documents/kode/instascreen/node/node_modules/node-pusher/package.json
verbose loadDefaults node-pusher@0.0.1
verbose caching /Users/henrikakselsen/Documents/kode/instascreen/node/node_modules/pusher/package.json
verbose loadDefaults pusher@0.0.2
verbose caching /Users/henrikakselsen/Documents/kode/instascreen/node/node_modules/qs/package.json
verbose loadDefaults qs@0.4.2
verbose caching /Users/henrikakselsen/Documents/kode/instascreen/node/node_modules/redis/package.json
verbose loadDefaults redis@0.7.1
verbose caching /Users/henrikakselsen/Documents/kode/instascreen/node/node_modules/socket.io/package.json
verbose loadDefaults socket.io@0.9.1-1
verbose caching /Users/henrikakselsen/Documents/kode/instascreen/node/node_modules/twitter-node/package.json
verbose loadDefaults twitter-node@0.0.2
verbose cache add [ 'priorityqueue', null ]
silly cache add: name, spec, args [ undefined, 'priorityqueue', [ 'priorityqueue', null ] ]
verbose parsed url { pathname: 'priorityqueue',
verbose parsed url   path: 'priorityqueue',
verbose parsed url   href: 'priorityqueue' }
verbose addNamed [ 'priorityqueue', '' ]
verbose addNamed [ null, '' ]
silly name, range, hasData [ 'priorityqueue', '', false ]
verbose raw, before any munging priorityqueue
verbose url resolving [ 'https://registry.npmjs.org/', './priorityqueue' ]
verbose url resolved https://registry.npmjs.org/priorityqueue
http GET https://registry.npmjs.org/priorityqueue
http 404 https://registry.npmjs.org/priorityqueue
silly get cb [ 404,
silly get cb   { server: 'CouchDB/1.1.0 (Erlang OTP/R14B04)',
silly get cb     date: 'Sat, 03 Mar 2012 11:14:59 GMT',
silly get cb     'content-type': 'application/json',
silly get cb     'content-length': '52',
silly get cb     'cache-control': 'must-revalidate' } ]
ERR! 404 'priorityqueue' is not in the npm registry.
ERR! 404 You should bug the author to publish it
ERR! 404 Note that you can also install from a
ERR! 404 tarball, folder, or http url, or git url.
ERR! 
ERR! System Darwin 11.3.0
ERR! command "node" "/usr/local/bin/npm" "install" "priorityqueue"
ERR! cwd /Users/henrikakselsen/Documents/kode/instascreen/node
ERR! node -v v0.6.11
ERR! npm -v 1.1.1
ERR! code E404
ERR! message 404 Not Found: priorityqueue
ERR! errno {}
verbose exit [ 1, true ]
